2021-05-23 08:10:18,523 [ModalContext] INFO  o.e.m.c.i.e.AbstractTransferListenerAdapter - Downloading https://repo.maven.apache.org/maven2/org/apache/maven/archetypes/maven-archetype-quickstart/1.1/maven-archetype-quickstart-1.1.jar
2021-05-23 08:10:19,137 [ModalContext] INFO  o.e.m.c.i.e.AbstractTransferListenerAdapter - Downloaded https://repo.maven.apache.org/maven2/org/apache/maven/archetypes/maven-archetype-quickstart/1.1/maven-archetype-quickstart-1.1.jar
2021-05-23 08:10:19,450 [ModalContext] INFO  o.e.m.c.i.e.AbstractTransferListenerAdapter - Downloading https://repo.maven.apache.org/maven2/org/apache/maven/archetypes/maven-archetype-quickstart/1.1/maven-archetype-quickstart-1.1.pom
2021-05-23 08:10:19,771 [ModalContext] INFO  o.e.m.c.i.e.AbstractTransferListenerAdapter - Downloaded https://repo.maven.apache.org/maven2/org/apache/maven/archetypes/maven-archetype-quickstart/1.1/maven-archetype-quickstart-1.1.pom
2021-05-23 08:11:26,435 [Worker-6: Creating maven-archetype-quickstart] INFO  o.e.m.c.i.p.ProjectConfigurationManager - Collecting project info '/pom.xml' G:\VS programs\Java 2021\1\pom.xml
2021-05-23 08:11:28,819 [Worker-6: Creating maven-archetype-quickstart] INFO  o.e.m.c.i.e.AbstractTransferListenerAdapter - Downloading https://repo.maven.apache.org/maven2/org/apache/maven/plugins/maven-surefire-plugin/2.12.4/maven-surefire-plugin-2.12.4.jar
2021-05-23 08:11:29,382 [Worker-6: Creating maven-archetype-quickstart] INFO  o.e.m.c.i.e.AbstractTransferListenerAdapter - Downloaded https://repo.maven.apache.org/maven2/org/apache/maven/plugins/maven-surefire-plugin/2.12.4/maven-surefire-plugin-2.12.4.jar
2021-05-23 08:11:36,332 [Worker-6: Creating maven-archetype-quickstart] INFO  o.e.m.c.i.l.LifecycleMappingFactory - Using org.eclipse.m2e.jdt.JarLifecycleMapping lifecycle mapping for MavenProject: 1:1:0.0.1-SNAPSHOT @ G:\VS programs\Java 2021\1\pom.xml.
2021-05-23 08:11:38,142 [Worker-6: Creating maven-archetype-quickstart] INFO  o.e.m.j.i.AbstractJavaProjectConfigurator - Adding source folder /1/src/main/java
2021-05-23 08:11:38,169 [Worker-6: Creating maven-archetype-quickstart] INFO  o.e.m.j.i.AbstractJavaProjectConfigurator - Adding source folder /1/src/test/java
2021-05-23 08:11:38,639 [Worker-6: Creating maven-archetype-quickstart] INFO  o.e.m.c.i.p.ProjectConfigurationManager - Imported and configured 1 project(s) in 12 sec
2021-05-23 08:16:10,210 [Worker-8: Build Project] INFO  o.e.m.c.i.l.LifecycleMappingFactory - Using org.eclipse.m2e.jdt.JarLifecycleMapping lifecycle mapping for MavenProject: 1:1:0.0.1-SNAPSHOT @ G:\VS programs\Java 2021\HibernateMavenProject\pom.xml.
2021-05-23 08:16:12,086 [Worker-8: Build Project] INFO  o.e.m.c.i.embedder.EclipseLogger - Using 'UTF-8' encoding to copy filtered resources.
2021-05-23 08:16:12,086 [Worker-8: Build Project] INFO  o.e.m.c.i.embedder.EclipseLogger - skip non existing resourceDirectory G:\VS programs\Java 2021\HibernateMavenProject\src\main\resources
2021-05-23 08:16:12,097 [Worker-8: Build Project] INFO  o.e.m.c.i.embedder.EclipseLogger - Using 'UTF-8' encoding to copy filtered resources.
2021-05-23 08:16:12,097 [Worker-8: Build Project] INFO  o.e.m.c.i.embedder.EclipseLogger - skip non existing resourceDirectory G:\VS programs\Java 2021\HibernateMavenProject\src\test\resources
2021-05-23 08:16:38,281 [Worker-9: Build Project] INFO  o.e.m.c.i.l.LifecycleMappingFactory - Using org.eclipse.m2e.jdt.JarLifecycleMapping lifecycle mapping for MavenProject: 1:1:0.0.1-SNAPSHOT @ G:\VS programs\Java 2021\HibernateMavenProject\pom.xml.
2021-05-23 08:16:38,444 [Worker-9: Build Project] INFO  o.e.m.c.i.embedder.EclipseLogger - Using 'UTF-8' encoding to copy filtered resources.
2021-05-23 08:16:38,444 [Worker-9: Build Project] INFO  o.e.m.c.i.embedder.EclipseLogger - skip non existing resourceDirectory G:\VS programs\Java 2021\HibernateMavenProject\src\main\resources
2021-05-23 08:16:38,449 [Worker-9: Build Project] INFO  o.e.m.c.i.embedder.EclipseLogger - Using 'UTF-8' encoding to copy filtered resources.
2021-05-23 08:16:38,449 [Worker-9: Build Project] INFO  o.e.m.c.i.embedder.EclipseLogger - skip non existing resourceDirectory G:\VS programs\Java 2021\HibernateMavenProject\src\test\resources
2021-05-23 08:16:50,497 [Worker-8: Build Project] INFO  o.e.m.c.i.embedder.EclipseLogger - Using 'UTF-8' encoding to copy filtered resources.
2021-05-23 08:16:50,497 [Worker-8: Build Project] INFO  o.e.m.c.i.embedder.EclipseLogger - skip non existing resourceDirectory G:\VS programs\Java 2021\HibernateMavenProject\src\main\resources
2021-05-23 08:16:50,499 [Worker-8: Build Project] INFO  o.e.m.c.i.embedder.EclipseLogger - Using 'UTF-8' encoding to copy filtered resources.
2021-05-23 08:16:50,499 [Worker-8: Build Project] INFO  o.e.m.c.i.embedder.EclipseLogger - skip non existing resourceDirectory G:\VS programs\Java 2021\HibernateMavenProject\src\test\resources
2021-05-23 08:17:49,051 [Worker-9: Build Project] INFO  o.e.m.c.i.l.LifecycleMappingFactory - Using org.eclipse.m2e.jdt.JarLifecycleMapping lifecycle mapping for MavenProject: 1:1:0.0.1-SNAPSHOT @ G:\VS programs\Java 2021\HibernateMavenProject\pom.xml.
2021-05-23 08:17:49,364 [Worker-9: Build Project] INFO  o.e.m.c.i.embedder.EclipseLogger - Using 'UTF-8' encoding to copy filtered resources.
2021-05-23 08:17:49,364 [Worker-9: Build Project] INFO  o.e.m.c.i.embedder.EclipseLogger - skip non existing resourceDirectory G:\VS programs\Java 2021\HibernateMavenProject\src\main\resources
2021-05-23 08:17:49,368 [Worker-9: Build Project] INFO  o.e.m.c.i.embedder.EclipseLogger - Using 'UTF-8' encoding to copy filtered resources.
2021-05-23 08:17:49,368 [Worker-9: Build Project] INFO  o.e.m.c.i.embedder.EclipseLogger - skip non existing resourceDirectory G:\VS programs\Java 2021\HibernateMavenProject\src\test\resources
2021-05-23 08:24:01,274 [Worker-13: Launching App (3)] INFO  o.e.m.c.i.embedder.EclipseLogger - Using 'UTF-8' encoding to copy filtered resources.
2021-05-23 08:24:01,274 [Worker-13: Launching App (3)] INFO  o.e.m.c.i.embedder.EclipseLogger - skip non existing resourceDirectory G:\VS programs\Java 2021\HibernateMavenProject\src\main\resources
2021-05-23 08:24:01,275 [Worker-13: Launching App (3)] INFO  o.e.m.c.i.embedder.EclipseLogger - Using 'UTF-8' encoding to copy filtered resources.
2021-05-23 08:24:01,276 [Worker-13: Launching App (3)] INFO  o.e.m.c.i.embedder.EclipseLogger - skip non existing resourceDirectory G:\VS programs\Java 2021\HibernateMavenProject\src\test\resources
2021-05-23 08:28:04,008 [Worker-20: Launching App (3)] INFO  o.e.m.c.i.embedder.EclipseLogger - Using 'UTF-8' encoding to copy filtered resources.
2021-05-23 08:28:04,008 [Worker-20: Launching App (3)] INFO  o.e.m.c.i.embedder.EclipseLogger - skip non existing resourceDirectory G:\VS programs\Java 2021\HibernateMavenProject\src\main\resources
2021-05-23 08:28:04,010 [Worker-20: Launching App (3)] INFO  o.e.m.c.i.embedder.EclipseLogger - Using 'UTF-8' encoding to copy filtered resources.
2021-05-23 08:28:04,010 [Worker-20: Launching App (3)] INFO  o.e.m.c.i.embedder.EclipseLogger - skip non existing resourceDirectory G:\VS programs\Java 2021\HibernateMavenProject\src\test\resources
2021-05-23 08:29:30,326 [Worker-23: Launching App (3)] INFO  o.e.m.c.i.embedder.EclipseLogger - Using 'UTF-8' encoding to copy filtered resources.
2021-05-23 08:29:30,326 [Worker-23: Launching App (3)] INFO  o.e.m.c.i.embedder.EclipseLogger - skip non existing resourceDirectory G:\VS programs\Java 2021\HibernateMavenProject\src\main\resources
2021-05-23 08:29:30,328 [Worker-23: Launching App (3)] INFO  o.e.m.c.i.embedder.EclipseLogger - Using 'UTF-8' encoding to copy filtered resources.
2021-05-23 08:29:30,328 [Worker-23: Launching App (3)] INFO  o.e.m.c.i.embedder.EclipseLogger - skip non existing resourceDirectory G:\VS programs\Java 2021\HibernateMavenProject\src\test\resources
2021-05-23 08:30:04,951 [Worker-23: Launching App (3)] INFO  o.e.m.c.i.embedder.EclipseLogger - Using 'UTF-8' encoding to copy filtered resources.
2021-05-23 08:30:04,952 [Worker-23: Launching App (3)] INFO  o.e.m.c.i.embedder.EclipseLogger - skip non existing resourceDirectory G:\VS programs\Java 2021\HibernateMavenProject\src\main\resources
2021-05-23 08:30:04,954 [Worker-23: Launching App (3)] INFO  o.e.m.c.i.embedder.EclipseLogger - Using 'UTF-8' encoding to copy filtered resources.
2021-05-23 08:30:04,955 [Worker-23: Launching App (3)] INFO  o.e.m.c.i.embedder.EclipseLogger - skip non existing resourceDirectory G:\VS programs\Java 2021\HibernateMavenProject\src\test\resources
2021-05-23 08:33:52,534 [Worker-26: Build Project] INFO  o.e.m.c.i.embedder.EclipseLogger - Using 'UTF-8' encoding to copy filtered resources.
2021-05-23 08:33:52,535 [Worker-26: Build Project] INFO  o.e.m.c.i.embedder.EclipseLogger - skip non existing resourceDirectory G:\VS programs\Java 2021\HibernateMavenProject\src\main\resources
2021-05-23 08:33:52,536 [Worker-26: Build Project] INFO  o.e.m.c.i.embedder.EclipseLogger - Using 'UTF-8' encoding to copy filtered resources.
2021-05-23 08:33:52,536 [Worker-26: Build Project] INFO  o.e.m.c.i.embedder.EclipseLogger - skip non existing resourceDirectory G:\VS programs\Java 2021\HibernateMavenProject\src\test\resources
2021-05-23 08:36:26,240 [Worker-23: Launching App (3)] INFO  o.e.m.c.i.embedder.EclipseLogger - Using 'UTF-8' encoding to copy filtered resources.
2021-05-23 08:36:26,240 [Worker-23: Launching App (3)] INFO  o.e.m.c.i.embedder.EclipseLogger - skip non existing resourceDirectory G:\VS programs\Java 2021\HibernateMavenProject\src\main\resources
2021-05-23 08:36:26,242 [Worker-23: Launching App (3)] INFO  o.e.m.c.i.embedder.EclipseLogger - Using 'UTF-8' encoding to copy filtered resources.
2021-05-23 08:36:26,242 [Worker-23: Launching App (3)] INFO  o.e.m.c.i.embedder.EclipseLogger - skip non existing resourceDirectory G:\VS programs\Java 2021\HibernateMavenProject\src\test\resources
2021-05-23 08:37:06,068 [Worker-28: Launching App (3)] INFO  o.e.m.c.i.embedder.EclipseLogger - Using 'UTF-8' encoding to copy filtered resources.
2021-05-23 08:37:06,068 [Worker-28: Launching App (3)] INFO  o.e.m.c.i.embedder.EclipseLogger - skip non existing resourceDirectory G:\VS programs\Java 2021\HibernateMavenProject\src\main\resources
2021-05-23 08:37:06,071 [Worker-28: Launching App (3)] INFO  o.e.m.c.i.embedder.EclipseLogger - Using 'UTF-8' encoding to copy filtered resources.
2021-05-23 08:37:06,071 [Worker-28: Launching App (3)] INFO  o.e.m.c.i.embedder.EclipseLogger - skip non existing resourceDirectory G:\VS programs\Java 2021\HibernateMavenProject\src\test\resources
2021-05-23 08:37:36,479 [Worker-31: Launching App (3)] INFO  o.e.m.c.i.embedder.EclipseLogger - Using 'UTF-8' encoding to copy filtered resources.
2021-05-23 08:37:36,479 [Worker-31: Launching App (3)] INFO  o.e.m.c.i.embedder.EclipseLogger - skip non existing resourceDirectory G:\VS programs\Java 2021\HibernateMavenProject\src\main\resources
2021-05-23 08:37:36,480 [Worker-31: Launching App (3)] INFO  o.e.m.c.i.embedder.EclipseLogger - Using 'UTF-8' encoding to copy filtered resources.
2021-05-23 08:37:36,481 [Worker-31: Launching App (3)] INFO  o.e.m.c.i.embedder.EclipseLogger - skip non existing resourceDirectory G:\VS programs\Java 2021\HibernateMavenProject\src\test\resources
2021-05-23 08:39:14,446 [Worker-26: Launching App (3)] INFO  o.e.m.c.i.embedder.EclipseLogger - Using 'UTF-8' encoding to copy filtered resources.
2021-05-23 08:39:14,447 [Worker-26: Launching App (3)] INFO  o.e.m.c.i.embedder.EclipseLogger - skip non existing resourceDirectory G:\VS programs\Java 2021\HibernateMavenProject\src\main\resources
2021-05-23 08:39:14,448 [Worker-26: Launching App (3)] INFO  o.e.m.c.i.embedder.EclipseLogger - Using 'UTF-8' encoding to copy filtered resources.
2021-05-23 08:39:14,449 [Worker-26: Launching App (3)] INFO  o.e.m.c.i.embedder.EclipseLogger - skip non existing resourceDirectory G:\VS programs\Java 2021\HibernateMavenProject\src\test\resources
2021-05-23 08:39:51,718 [Worker-32: Launching App (3)] INFO  o.e.m.c.i.embedder.EclipseLogger - Using 'UTF-8' encoding to copy filtered resources.
2021-05-23 08:39:51,719 [Worker-32: Launching App (3)] INFO  o.e.m.c.i.embedder.EclipseLogger - skip non existing resourceDirectory G:\VS programs\Java 2021\HibernateMavenProject\src\main\resources
2021-05-23 08:39:51,720 [Worker-32: Launching App (3)] INFO  o.e.m.c.i.embedder.EclipseLogger - Using 'UTF-8' encoding to copy filtered resources.
2021-05-23 08:39:51,720 [Worker-32: Launching App (3)] INFO  o.e.m.c.i.embedder.EclipseLogger - skip non existing resourceDirectory G:\VS programs\Java 2021\HibernateMavenProject\src\test\resources
2021-05-23 08:45:55,159 [Worker-28: Updating Maven Project] INFO  o.e.m.c.i.p.ProjectConfigurationManager - Update started
2021-05-23 08:45:56,131 [Worker-28: Updating Maven Project] INFO  o.e.m.c.i.l.LifecycleMappingFactory - Using org.eclipse.m2e.jdt.JarLifecycleMapping lifecycle mapping for MavenProject: 1:1:0.0.1-SNAPSHOT @ G:\VS programs\Java 2021\HibernateMavenProject\pom.xml.
2021-05-23 08:45:56,505 [Worker-28: Updating Maven Project] INFO  o.e.m.j.i.AbstractJavaProjectConfigurator - Adding source folder /HibernateMavenProject/src/main/java
2021-05-23 08:45:56,506 [Worker-28: Updating Maven Project] INFO  o.e.m.j.i.AbstractJavaProjectConfigurator - Adding source folder /HibernateMavenProject/src/test/java
2021-05-23 08:45:57,233 [Worker-28: Updating Maven Project] INFO  o.e.m.c.i.p.ProjectConfigurationManager - Update completed: 2 sec
2021-05-23 08:46:06,645 [Worker-27: Launching App (3)] INFO  o.e.m.c.i.embedder.EclipseLogger - Using 'UTF-8' encoding to copy filtered resources.
2021-05-23 08:46:06,645 [Worker-27: Launching App (3)] INFO  o.e.m.c.i.embedder.EclipseLogger - skip non existing resourceDirectory G:\VS programs\Java 2021\HibernateMavenProject\src\main\resources
2021-05-23 08:46:06,648 [Worker-27: Launching App (3)] INFO  o.e.m.c.i.embedder.EclipseLogger - Using 'UTF-8' encoding to copy filtered resources.
2021-05-23 08:46:06,648 [Worker-27: Launching App (3)] INFO  o.e.m.c.i.embedder.EclipseLogger - skip non existing resourceDirectory G:\VS programs\Java 2021\HibernateMavenProject\src\test\resources
2021-05-23 08:48:18,128 [Worker-40: Launching App (3)] INFO  o.e.m.c.i.embedder.EclipseLogger - Using 'UTF-8' encoding to copy filtered resources.
2021-05-23 08:48:18,129 [Worker-40: Launching App (3)] INFO  o.e.m.c.i.embedder.EclipseLogger - skip non existing resourceDirectory G:\VS programs\Java 2021\HibernateMavenProject\src\main\resources
2021-05-23 08:48:18,136 [Worker-40: Launching App (3)] INFO  o.e.m.c.i.embedder.EclipseLogger - Using 'UTF-8' encoding to copy filtered resources.
2021-05-23 08:48:18,136 [Worker-40: Launching App (3)] INFO  o.e.m.c.i.embedder.EclipseLogger - skip non existing resourceDirectory G:\VS programs\Java 2021\HibernateMavenProject\src\test\resources
2021-05-23 08:49:01,138 [Worker-27: Launching App (3)] INFO  o.e.m.c.i.embedder.EclipseLogger - Using 'UTF-8' encoding to copy filtered resources.
2021-05-23 08:49:01,138 [Worker-27: Launching App (3)] INFO  o.e.m.c.i.embedder.EclipseLogger - skip non existing resourceDirectory G:\VS programs\Java 2021\HibernateMavenProject\src\main\resources
2021-05-23 08:49:01,139 [Worker-27: Launching App (3)] INFO  o.e.m.c.i.embedder.EclipseLogger - Using 'UTF-8' encoding to copy filtered resources.
2021-05-23 08:49:01,139 [Worker-27: Launching App (3)] INFO  o.e.m.c.i.embedder.EclipseLogger - skip non existing resourceDirectory G:\VS programs\Java 2021\HibernateMavenProject\src\test\resources
2021-05-23 08:50:22,943 [Worker-40: Launching App (3)] INFO  o.e.m.c.i.embedder.EclipseLogger - Using 'UTF-8' encoding to copy filtered resources.
2021-05-23 08:50:22,944 [Worker-40: Launching App (3)] INFO  o.e.m.c.i.embedder.EclipseLogger - skip non existing resourceDirectory G:\VS programs\Java 2021\HibernateMavenProject\src\main\resources
2021-05-23 08:50:22,945 [Worker-40: Launching App (3)] INFO  o.e.m.c.i.embedder.EclipseLogger - Using 'UTF-8' encoding to copy filtered resources.
2021-05-23 08:50:22,945 [Worker-40: Launching App (3)] INFO  o.e.m.c.i.embedder.EclipseLogger - skip non existing resourceDirectory G:\VS programs\Java 2021\HibernateMavenProject\src\test\resources
2021-05-23 08:55:20,908 [Worker-43: Launching App (3)] INFO  o.e.m.c.i.embedder.EclipseLogger - Using 'UTF-8' encoding to copy filtered resources.
2021-05-23 08:55:20,908 [Worker-43: Launching App (3)] INFO  o.e.m.c.i.embedder.EclipseLogger - skip non existing resourceDirectory G:\VS programs\Java 2021\HibernateMavenProject\src\main\resources
2021-05-23 08:55:20,910 [Worker-43: Launching App (3)] INFO  o.e.m.c.i.embedder.EclipseLogger - Using 'UTF-8' encoding to copy filtered resources.
2021-05-23 08:55:20,910 [Worker-43: Launching App (3)] INFO  o.e.m.c.i.embedder.EclipseLogger - skip non existing resourceDirectory G:\VS programs\Java 2021\HibernateMavenProject\src\test\resources
2021-05-23 08:56:11,938 [Worker-44: Launching App (3)] INFO  o.e.m.c.i.embedder.EclipseLogger - Using 'UTF-8' encoding to copy filtered resources.
2021-05-23 08:56:11,939 [Worker-44: Launching App (3)] INFO  o.e.m.c.i.embedder.EclipseLogger - skip non existing resourceDirectory G:\VS programs\Java 2021\HibernateMavenProject\src\main\resources
2021-05-23 08:56:11,940 [Worker-44: Launching App (3)] INFO  o.e.m.c.i.embedder.EclipseLogger - Using 'UTF-8' encoding to copy filtered resources.
2021-05-23 08:56:11,941 [Worker-44: Launching App (3)] INFO  o.e.m.c.i.embedder.EclipseLogger - skip non existing resourceDirectory G:\VS programs\Java 2021\HibernateMavenProject\src\test\resources
2021-05-23 08:58:15,220 [Worker-45: Launching App (3)] INFO  o.e.m.c.i.embedder.EclipseLogger - Using 'UTF-8' encoding to copy filtered resources.
2021-05-23 08:58:15,221 [Worker-45: Launching App (3)] INFO  o.e.m.c.i.embedder.EclipseLogger - skip non existing resourceDirectory G:\VS programs\Java 2021\HibernateMavenProject\src\main\resources
2021-05-23 08:58:15,222 [Worker-45: Launching App (3)] INFO  o.e.m.c.i.embedder.EclipseLogger - Using 'UTF-8' encoding to copy filtered resources.
2021-05-23 08:58:15,222 [Worker-45: Launching App (3)] INFO  o.e.m.c.i.embedder.EclipseLogger - skip non existing resourceDirectory G:\VS programs\Java 2021\HibernateMavenProject\src\test\resources
2021-05-23 09:39:37,543 [Worker-54: Launching App (3)] INFO  o.e.m.c.i.embedder.EclipseLogger - Using 'UTF-8' encoding to copy filtered resources.
2021-05-23 09:39:37,545 [Worker-54: Launching App (3)] INFO  o.e.m.c.i.embedder.EclipseLogger - skip non existing resourceDirectory G:\VS programs\Java 2021\HibernateMavenProject\src\main\resources
2021-05-23 09:39:37,548 [Worker-54: Launching App (3)] INFO  o.e.m.c.i.embedder.EclipseLogger - Using 'UTF-8' encoding to copy filtered resources.
2021-05-23 09:39:37,548 [Worker-54: Launching App (3)] INFO  o.e.m.c.i.embedder.EclipseLogger - skip non existing resourceDirectory G:\VS programs\Java 2021\HibernateMavenProject\src\test\resources
2021-05-23 09:40:21,927 [Worker-52: Launching App (3)] INFO  o.e.m.c.i.embedder.EclipseLogger - Using 'UTF-8' encoding to copy filtered resources.
2021-05-23 09:40:21,927 [Worker-52: Launching App (3)] INFO  o.e.m.c.i.embedder.EclipseLogger - skip non existing resourceDirectory G:\VS programs\Java 2021\HibernateMavenProject\src\main\resources
2021-05-23 09:40:21,929 [Worker-52: Launching App (3)] INFO  o.e.m.c.i.embedder.EclipseLogger - Using 'UTF-8' encoding to copy filtered resources.
2021-05-23 09:40:21,930 [Worker-52: Launching App (3)] INFO  o.e.m.c.i.embedder.EclipseLogger - skip non existing resourceDirectory G:\VS programs\Java 2021\HibernateMavenProject\src\test\resources
2021-05-23 09:41:40,252 [Worker-51: Launching App (3)] INFO  o.e.m.c.i.embedder.EclipseLogger - Using 'UTF-8' encoding to copy filtered resources.
2021-05-23 09:41:40,252 [Worker-51: Launching App (3)] INFO  o.e.m.c.i.embedder.EclipseLogger - skip non existing resourceDirectory G:\VS programs\Java 2021\HibernateMavenProject\src\main\resources
2021-05-23 09:41:40,254 [Worker-51: Launching App (3)] INFO  o.e.m.c.i.embedder.EclipseLogger - Using 'UTF-8' encoding to copy filtered resources.
2021-05-23 09:41:40,254 [Worker-51: Launching App (3)] INFO  o.e.m.c.i.embedder.EclipseLogger - skip non existing resourceDirectory G:\VS programs\Java 2021\HibernateMavenProject\src\test\resources
2021-05-23 09:42:52,825 [Worker-50: Launching App (3)] INFO  o.e.m.c.i.embedder.EclipseLogger - Using 'UTF-8' encoding to copy filtered resources.
2021-05-23 09:42:52,825 [Worker-50: Launching App (3)] INFO  o.e.m.c.i.embedder.EclipseLogger - skip non existing resourceDirectory G:\VS programs\Java 2021\HibernateMavenProject\src\main\resources
2021-05-23 09:42:52,826 [Worker-50: Launching App (3)] INFO  o.e.m.c.i.embedder.EclipseLogger - Using 'UTF-8' encoding to copy filtered resources.
2021-05-23 09:42:52,826 [Worker-50: Launching App (3)] INFO  o.e.m.c.i.embedder.EclipseLogger - skip non existing resourceDirectory G:\VS programs\Java 2021\HibernateMavenProject\src\test\resources
2021-05-23 09:43:24,806 [Worker-51: Launching App (3)] INFO  o.e.m.c.i.embedder.EclipseLogger - Using 'UTF-8' encoding to copy filtered resources.
2021-05-23 09:43:24,806 [Worker-51: Launching App (3)] INFO  o.e.m.c.i.embedder.EclipseLogger - skip non existing resourceDirectory G:\VS programs\Java 2021\HibernateMavenProject\src\main\resources
2021-05-23 09:43:24,807 [Worker-51: Launching App (3)] INFO  o.e.m.c.i.embedder.EclipseLogger - Using 'UTF-8' encoding to copy filtered resources.
2021-05-23 09:43:24,807 [Worker-51: Launching App (3)] INFO  o.e.m.c.i.embedder.EclipseLogger - skip non existing resourceDirectory G:\VS programs\Java 2021\HibernateMavenProject\src\test\resources
2021-05-23 09:44:08,609 [Worker-52: Launching App (3)] INFO  o.e.m.c.i.embedder.EclipseLogger - Using 'UTF-8' encoding to copy filtered resources.
2021-05-23 09:44:08,609 [Worker-52: Launching App (3)] INFO  o.e.m.c.i.embedder.EclipseLogger - skip non existing resourceDirectory G:\VS programs\Java 2021\HibernateMavenProject\src\main\resources
2021-05-23 09:44:08,610 [Worker-52: Launching App (3)] INFO  o.e.m.c.i.embedder.EclipseLogger - Using 'UTF-8' encoding to copy filtered resources.
2021-05-23 09:44:08,611 [Worker-52: Launching App (3)] INFO  o.e.m.c.i.embedder.EclipseLogger - skip non existing resourceDirectory G:\VS programs\Java 2021\HibernateMavenProject\src\test\resources
2021-05-23 09:45:07,622 [Worker-54: Launching App (3)] INFO  o.e.m.c.i.embedder.EclipseLogger - Using 'UTF-8' encoding to copy filtered resources.
2021-05-23 09:45:07,622 [Worker-54: Launching App (3)] INFO  o.e.m.c.i.embedder.EclipseLogger - skip non existing resourceDirectory G:\VS programs\Java 2021\HibernateMavenProject\src\main\resources
2021-05-23 09:45:07,623 [Worker-54: Launching App (3)] INFO  o.e.m.c.i.embedder.EclipseLogger - Using 'UTF-8' encoding to copy filtered resources.
2021-05-23 09:45:07,623 [Worker-54: Launching App (3)] INFO  o.e.m.c.i.embedder.EclipseLogger - skip non existing resourceDirectory G:\VS programs\Java 2021\HibernateMavenProject\src\test\resources
2021-05-23 09:45:52,145 [Worker-53: Launching App (3)] INFO  o.e.m.c.i.embedder.EclipseLogger - Using 'UTF-8' encoding to copy filtered resources.
2021-05-23 09:45:52,146 [Worker-53: Launching App (3)] INFO  o.e.m.c.i.embedder.EclipseLogger - skip non existing resourceDirectory G:\VS programs\Java 2021\HibernateMavenProject\src\main\resources
2021-05-23 09:45:52,148 [Worker-53: Launching App (3)] INFO  o.e.m.c.i.embedder.EclipseLogger - Using 'UTF-8' encoding to copy filtered resources.
2021-05-23 09:45:52,148 [Worker-53: Launching App (3)] INFO  o.e.m.c.i.embedder.EclipseLogger - skip non existing resourceDirectory G:\VS programs\Java 2021\HibernateMavenProject\src\test\resources
2021-05-23 09:46:45,411 [Worker-49: Launching App (3)] INFO  o.e.m.c.i.embedder.EclipseLogger - Using 'UTF-8' encoding to copy filtered resources.
2021-05-23 09:46:45,411 [Worker-49: Launching App (3)] INFO  o.e.m.c.i.embedder.EclipseLogger - skip non existing resourceDirectory G:\VS programs\Java 2021\HibernateMavenProject\src\main\resources
2021-05-23 09:46:45,413 [Worker-49: Launching App (3)] INFO  o.e.m.c.i.embedder.EclipseLogger - Using 'UTF-8' encoding to copy filtered resources.
2021-05-23 09:46:45,413 [Worker-49: Launching App (3)] INFO  o.e.m.c.i.embedder.EclipseLogger - skip non existing resourceDirectory G:\VS programs\Java 2021\HibernateMavenProject\src\test\resources
2021-05-23 09:50:53,111 [Worker-51: Launching App (3)] INFO  o.e.m.c.i.embedder.EclipseLogger - Using 'UTF-8' encoding to copy filtered resources.
2021-05-23 09:50:53,111 [Worker-51: Launching App (3)] INFO  o.e.m.c.i.embedder.EclipseLogger - skip non existing resourceDirectory G:\VS programs\Java 2021\HibernateMavenProject\src\main\resources
2021-05-23 09:50:53,112 [Worker-51: Launching App (3)] INFO  o.e.m.c.i.embedder.EclipseLogger - Using 'UTF-8' encoding to copy filtered resources.
2021-05-23 09:50:53,112 [Worker-51: Launching App (3)] INFO  o.e.m.c.i.embedder.EclipseLogger - skip non existing resourceDirectory G:\VS programs\Java 2021\HibernateMavenProject\src\test\resources
2021-05-23 11:23:26,373 [Worker-68: Launching App (3)] INFO  o.e.m.c.i.embedder.EclipseLogger - Using 'UTF-8' encoding to copy filtered resources.
2021-05-23 11:23:26,375 [Worker-68: Launching App (3)] INFO  o.e.m.c.i.embedder.EclipseLogger - skip non existing resourceDirectory G:\VS programs\Java 2021\HibernateMavenProject\src\main\resources
2021-05-23 11:23:26,378 [Worker-68: Launching App (3)] INFO  o.e.m.c.i.embedder.EclipseLogger - Using 'UTF-8' encoding to copy filtered resources.
2021-05-23 11:23:26,379 [Worker-68: Launching App (3)] INFO  o.e.m.c.i.embedder.EclipseLogger - skip non existing resourceDirectory G:\VS programs\Java 2021\HibernateMavenProject\src\test\resources
2021-05-25 20:15:26,970 [Worker-2: Refreshing workspace] ERROR o.e.m.c.i.p.r.ProjectRegistryReader - Can't read workspace state
java.io.StreamCorruptedException: invalid stream header: 00000000
	at java.base/java.io.ObjectInputStream.readStreamHeader(ObjectInputStream.java:946) ~[na:na]
	at java.base/java.io.ObjectInputStream.<init>(ObjectInputStream.java:385) ~[na:na]
	at org.eclipse.m2e.core.internal.project.registry.ProjectRegistryReader$1.<init>(ProjectRegistryReader.java:67) ~[na:na]
	at org.eclipse.m2e.core.internal.project.registry.ProjectRegistryReader.readWorkspaceState(ProjectRegistryReader.java:67) ~[na:na]
	at org.eclipse.m2e.core.internal.project.registry.ProjectRegistryManager.<init>(ProjectRegistryManager.java:164) ~[na:na]
	at org.eclipse.m2e.core.internal.MavenPluginActivator.start(MavenPluginActivator.java:240) ~[na:na]
	at org.eclipse.osgi.internal.framework.BundleContextImpl$3.run(BundleContextImpl.java:815) ~[org.eclipse.osgi_3.13.300.v20190218-1622.jar:na]
	at org.eclipse.osgi.internal.framework.BundleContextImpl$3.run(BundleContextImpl.java:1) ~[org.eclipse.osgi_3.13.300.v20190218-1622.jar:na]
	at java.base/java.security.AccessController.doPrivileged(AccessController.java:554) ~[na:na]
	at org.eclipse.osgi.internal.framework.BundleContextImpl.startActivator(BundleContextImpl.java:808) ~[org.eclipse.osgi_3.13.300.v20190218-1622.jar:na]
	at org.eclipse.osgi.internal.framework.BundleContextImpl.start(BundleContextImpl.java:765) ~[org.eclipse.osgi_3.13.300.v20190218-1622.jar:na]
	at org.eclipse.osgi.internal.framework.EquinoxBundle.startWorker0(EquinoxBundle.java:1005) ~[org.eclipse.osgi_3.13.300.v20190218-1622.jar:na]
	at org.eclipse.osgi.internal.framework.EquinoxBundle$EquinoxModule.startWorker(EquinoxBundle.java:357) ~[org.eclipse.osgi_3.13.300.v20190218-1622.jar:na]
	at org.eclipse.osgi.container.Module.doStart(Module.java:589) ~[org.eclipse.osgi_3.13.300.v20190218-1622.jar:na]
	at org.eclipse.osgi.container.Module.start(Module.java:457) ~[org.eclipse.osgi_3.13.300.v20190218-1622.jar:na]
	at org.eclipse.osgi.framework.util.SecureAction.start(SecureAction.java:471) ~[org.eclipse.osgi_3.13.300.v20190218-1622.jar:na]
	at org.eclipse.osgi.internal.hooks.EclipseLazyStarter.postFindLocalClass(EclipseLazyStarter.java:117) ~[na:na]
	at org.eclipse.osgi.internal.loader.classpath.ClasspathManager.findLocalClass(ClasspathManager.java:570) ~[org.eclipse.osgi_3.13.300.v20190218-1622.jar:na]
	at org.eclipse.osgi.internal.loader.ModuleClassLoader.findLocalClass(ModuleClassLoader.java:331) ~[org.eclipse.osgi_3.13.300.v20190218-1622.jar:na]
	at org.eclipse.osgi.internal.loader.BundleLoader.findLocalClass(BundleLoader.java:395) ~[org.eclipse.osgi_3.13.300.v20190218-1622.jar:na]
	at org.eclipse.osgi.internal.loader.sources.SingleSourcePackage.loadClass(SingleSourcePackage.java:39) ~[org.eclipse.osgi_3.13.300.v20190218-1622.jar:na]
	at org.eclipse.osgi.internal.loader.BundleLoader.findClassInternal(BundleLoader.java:469) ~[org.eclipse.osgi_3.13.300.v20190218-1622.jar:na]
	at org.eclipse.osgi.internal.loader.BundleLoader.findClass(BundleLoader.java:422) ~[org.eclipse.osgi_3.13.300.v20190218-1622.jar:na]
	at org.eclipse.osgi.internal.loader.BundleLoader.findClass(BundleLoader.java:414) ~[org.eclipse.osgi_3.13.300.v20190218-1622.jar:na]
	at org.eclipse.osgi.internal.loader.ModuleClassLoader.loadClass(ModuleClassLoader.java:153) ~[org.eclipse.osgi_3.13.300.v20190218-1622.jar:na]
	at java.base/java.lang.ClassLoader.loadClass(ClassLoader.java:522) ~[na:na]
	at java.base/java.lang.Class.getDeclaredConstructors0(Native Method) ~[na:na]
	at java.base/java.lang.Class.privateGetDeclaredConstructors(Class.java:3215) ~[na:na]
	at java.base/java.lang.Class.getConstructor0(Class.java:3420) ~[na:na]
	at java.base/java.lang.Class.getConstructor(Class.java:2165) ~[na:na]
	at org.eclipse.osgi.internal.framework.BundleContextImpl.loadBundleActivator(BundleContextImpl.java:799) ~[org.eclipse.osgi_3.13.300.v20190218-1622.jar:na]
	at org.eclipse.osgi.internal.framework.BundleContextImpl.start(BundleContextImpl.java:752) ~[org.eclipse.osgi_3.13.300.v20190218-1622.jar:na]
	at org.eclipse.osgi.internal.framework.EquinoxBundle.startWorker0(EquinoxBundle.java:1005) ~[org.eclipse.osgi_3.13.300.v20190218-1622.jar:na]
	at org.eclipse.osgi.internal.framework.EquinoxBundle$EquinoxModule.startWorker(EquinoxBundle.java:357) ~[org.eclipse.osgi_3.13.300.v20190218-1622.jar:na]
	at org.eclipse.osgi.container.Module.doStart(Module.java:589) ~[org.eclipse.osgi_3.13.300.v20190218-1622.jar:na]
	at org.eclipse.osgi.container.Module.start(Module.java:457) ~[org.eclipse.osgi_3.13.300.v20190218-1622.jar:na]
	at org.eclipse.osgi.framework.util.SecureAction.start(SecureAction.java:471) ~[org.eclipse.osgi_3.13.300.v20190218-1622.jar:na]
	at org.eclipse.osgi.internal.hooks.EclipseLazyStarter.postFindLocalClass(EclipseLazyStarter.java:117) ~[na:na]
	at org.eclipse.osgi.internal.loader.classpath.ClasspathManager.findLocalClass(ClasspathManager.java:570) ~[org.eclipse.osgi_3.13.300.v20190218-1622.jar:na]
	at org.eclipse.osgi.internal.loader.ModuleClassLoader.findLocalClass(ModuleClassLoader.java:331) ~[org.eclipse.osgi_3.13.300.v20190218-1622.jar:na]
	at org.eclipse.osgi.internal.loader.BundleLoader.findLocalClass(BundleLoader.java:395) ~[org.eclipse.osgi_3.13.300.v20190218-1622.jar:na]
	at org.eclipse.osgi.internal.loader.BundleLoader.findClassInternal(BundleLoader.java:473) ~[org.eclipse.osgi_3.13.300.v20190218-1622.jar:na]
	at org.eclipse.osgi.internal.loader.BundleLoader.findClass(BundleLoader.java:422) ~[org.eclipse.osgi_3.13.300.v20190218-1622.jar:na]
	at org.eclipse.osgi.internal.loader.BundleLoader.findClass(BundleLoader.java:414) ~[org.eclipse.osgi_3.13.300.v20190218-1622.jar:na]
	at org.eclipse.osgi.internal.loader.ModuleClassLoader.loadClass(ModuleClassLoader.java:153) ~[org.eclipse.osgi_3.13.300.v20190218-1622.jar:na]
	at java.base/java.lang.ClassLoader.loadClass(ClassLoader.java:522) ~[na:na]
	at org.eclipse.osgi.internal.framework.EquinoxBundle.loadClass(EquinoxBundle.java:612) ~[org.eclipse.osgi_3.13.300.v20190218-1622.jar:na]
	at org.eclipse.core.internal.registry.osgi.RegistryStrategyOSGI.createExecutableExtension(RegistryStrategyOSGI.java:196) ~[org.eclipse.equinox.registry_3.8.300.v20190218-2100.jar:na]
	at org.eclipse.core.internal.registry.ExtensionRegistry.createExecutableExtension(ExtensionRegistry.java:934) ~[org.eclipse.equinox.registry_3.8.300.v20190218-2100.jar:na]
	at org.eclipse.core.internal.registry.ConfigurationElement.createExecutableExtension(ConfigurationElement.java:246) ~[org.eclipse.equinox.registry_3.8.300.v20190218-2100.jar:na]
	at org.eclipse.core.internal.registry.ConfigurationElementHandle.createExecutableExtension(ConfigurationElementHandle.java:63) ~[org.eclipse.equinox.registry_3.8.300.v20190218-2100.jar:na]
	at org.eclipse.jdt.core.JavaCore.computeClasspathContainerInitializer(JavaCore.java:3707) ~[na:na]
	at org.eclipse.jdt.core.JavaCore.getClasspathContainerInitializer(JavaCore.java:3683) ~[na:na]
	at org.eclipse.jdt.internal.core.JavaModelManager.initializeContainer(JavaModelManager.java:3176) ~[na:na]
	at org.eclipse.jdt.internal.core.JavaModelManager$10.run(JavaModelManager.java:3079) ~[na:na]
	at org.eclipse.jdt.internal.core.JavaModelManager.initializeAllContainers(JavaModelManager.java:3139) ~[na:na]
	at org.eclipse.jdt.internal.core.JavaModelManager.getClasspathContainer(JavaModelManager.java:2111) ~[na:na]
	at org.eclipse.jdt.core.JavaCore.getClasspathContainer(JavaCore.java:3660) ~[na:na]
	at org.eclipse.jdt.internal.core.JavaProject.resolveClasspath(JavaProject.java:3160) ~[na:na]
	at org.eclipse.jdt.internal.core.JavaProject.resolveClasspath(JavaProject.java:3324) ~[na:na]
	at org.eclipse.jdt.internal.core.JavaProject.getResolvedClasspath(JavaProject.java:2401) ~[na:na]
	at org.eclipse.jdt.internal.core.DeltaProcessingState.getRootInfos(DeltaProcessingState.java:311) ~[na:na]
	at org.eclipse.jdt.internal.core.DeltaProcessingState.initializeRoots(DeltaProcessingState.java:259) ~[na:na]
	at org.eclipse.jdt.internal.core.DeltaProcessor.processResourceDelta(DeltaProcessor.java:1936) ~[na:na]
	at org.eclipse.jdt.internal.core.DeltaProcessor.resourceChanged(DeltaProcessor.java:2138) ~[na:na]
	at org.eclipse.jdt.internal.core.DeltaProcessingState.resourceChanged(DeltaProcessingState.java:477) ~[na:na]
	at org.eclipse.core.internal.events.NotificationManager$1.run(NotificationManager.java:305) ~[na:na]
	at org.eclipse.core.runtime.SafeRunner.run(SafeRunner.java:45) ~[org.eclipse.equinox.common_3.10.300.v20190218-2100.jar:na]
	at org.eclipse.core.internal.events.NotificationManager.notify(NotificationManager.java:295) ~[na:na]
	at org.eclipse.core.internal.events.NotificationManager.broadcastChanges(NotificationManager.java:158) ~[na:na]
	at org.eclipse.core.internal.resources.Workspace.broadcastPostChange(Workspace.java:379) ~[na:na]
	at org.eclipse.core.internal.resources.Workspace.endOperation(Workspace.java:1502) ~[na:na]
	at org.eclipse.core.internal.resources.Resource.refreshLocal(Resource.java:1555) ~[na:na]
	at org.eclipse.core.internal.refresh.RefreshJob.runInWorkspace(RefreshJob.java:166) ~[na:na]
	at org.eclipse.core.internal.resources.InternalWorkspaceJob.run(InternalWorkspaceJob.java:42) ~[na:na]
	at org.eclipse.core.internal.jobs.Worker.run(Worker.java:63) ~[org.eclipse.core.jobs_3.10.300.v20190215-2048.jar:na]
2021-05-26 16:59:27,872 [Worker-8: Updating Maven Dependencies] INFO  o.e.m.c.i.l.LifecycleMappingFactory - Using org.eclipse.m2e.jdt.JarLifecycleMapping lifecycle mapping for MavenProject: 1:1:0.0.1-SNAPSHOT @ G:\VS programs\Java 2021\HibernateMavenProject\pom.xml.
2021-06-05 12:56:53,734 [Worker-46: Launching App (3)] INFO  o.e.m.c.i.embedder.EclipseLogger - Using 'UTF-8' encoding to copy filtered resources.
2021-06-05 12:56:53,773 [Worker-46: Launching App (3)] INFO  o.e.m.c.i.embedder.EclipseLogger - skip non existing resourceDirectory G:\VS programs\Java 2021\HibernateMavenProject\src\main\resources
2021-06-05 12:56:53,778 [Worker-46: Launching App (3)] INFO  o.e.m.c.i.embedder.EclipseLogger - Using 'UTF-8' encoding to copy filtered resources.
2021-06-05 12:56:53,778 [Worker-46: Launching App (3)] INFO  o.e.m.c.i.embedder.EclipseLogger - skip non existing resourceDirectory G:\VS programs\Java 2021\HibernateMavenProject\src\test\resources
2021-06-05 12:57:20,433 [Worker-49: Launching App (3)] INFO  o.e.m.c.i.embedder.EclipseLogger - Using 'UTF-8' encoding to copy filtered resources.
2021-06-05 12:57:20,434 [Worker-49: Launching App (3)] INFO  o.e.m.c.i.embedder.EclipseLogger - skip non existing resourceDirectory G:\VS programs\Java 2021\HibernateMavenProject\src\main\resources
2021-06-05 12:57:20,436 [Worker-49: Launching App (3)] INFO  o.e.m.c.i.embedder.EclipseLogger - Using 'UTF-8' encoding to copy filtered resources.
2021-06-05 12:57:20,436 [Worker-49: Launching App (3)] INFO  o.e.m.c.i.embedder.EclipseLogger - skip non existing resourceDirectory G:\VS programs\Java 2021\HibernateMavenProject\src\test\resources
2021-06-13 07:14:49,318 [Worker-1: Refreshing workspace] ERROR o.e.m.c.i.p.r.ProjectRegistryReader - Can't read workspace state
java.io.StreamCorruptedException: invalid stream header: 00000000
	at java.base/java.io.ObjectInputStream.readStreamHeader(ObjectInputStream.java:946) ~[na:na]
	at java.base/java.io.ObjectInputStream.<init>(ObjectInputStream.java:385) ~[na:na]
	at org.eclipse.m2e.core.internal.project.registry.ProjectRegistryReader$1.<init>(ProjectRegistryReader.java:67) ~[na:na]
	at org.eclipse.m2e.core.internal.project.registry.ProjectRegistryReader.readWorkspaceState(ProjectRegistryReader.java:67) ~[na:na]
	at org.eclipse.m2e.core.internal.project.registry.ProjectRegistryManager.<init>(ProjectRegistryManager.java:164) ~[na:na]
	at org.eclipse.m2e.core.internal.MavenPluginActivator.start(MavenPluginActivator.java:240) ~[na:na]
	at org.eclipse.osgi.internal.framework.BundleContextImpl$3.run(BundleContextImpl.java:815) ~[org.eclipse.osgi_3.13.300.v20190218-1622.jar:na]
	at org.eclipse.osgi.internal.framework.BundleContextImpl$3.run(BundleContextImpl.java:1) ~[org.eclipse.osgi_3.13.300.v20190218-1622.jar:na]
	at java.base/java.security.AccessController.doPrivileged(AccessController.java:554) ~[na:na]
	at org.eclipse.osgi.internal.framework.BundleContextImpl.startActivator(BundleContextImpl.java:808) ~[org.eclipse.osgi_3.13.300.v20190218-1622.jar:na]
	at org.eclipse.osgi.internal.framework.BundleContextImpl.start(BundleContextImpl.java:765) ~[org.eclipse.osgi_3.13.300.v20190218-1622.jar:na]
	at org.eclipse.osgi.internal.framework.EquinoxBundle.startWorker0(EquinoxBundle.java:1005) ~[org.eclipse.osgi_3.13.300.v20190218-1622.jar:na]
	at org.eclipse.osgi.internal.framework.EquinoxBundle$EquinoxModule.startWorker(EquinoxBundle.java:357) ~[org.eclipse.osgi_3.13.300.v20190218-1622.jar:na]
	at org.eclipse.osgi.container.Module.doStart(Module.java:589) ~[org.eclipse.osgi_3.13.300.v20190218-1622.jar:na]
	at org.eclipse.osgi.container.Module.start(Module.java:457) ~[org.eclipse.osgi_3.13.300.v20190218-1622.jar:na]
	at org.eclipse.osgi.framework.util.SecureAction.start(SecureAction.java:471) ~[org.eclipse.osgi_3.13.300.v20190218-1622.jar:na]
	at org.eclipse.osgi.internal.hooks.EclipseLazyStarter.postFindLocalClass(EclipseLazyStarter.java:117) ~[na:na]
	at org.eclipse.osgi.internal.loader.classpath.ClasspathManager.findLocalClass(ClasspathManager.java:570) ~[org.eclipse.osgi_3.13.300.v20190218-1622.jar:na]
	at org.eclipse.osgi.internal.loader.ModuleClassLoader.findLocalClass(ModuleClassLoader.java:331) ~[org.eclipse.osgi_3.13.300.v20190218-1622.jar:na]
	at org.eclipse.osgi.internal.loader.BundleLoader.findLocalClass(BundleLoader.java:395) ~[org.eclipse.osgi_3.13.300.v20190218-1622.jar:na]
	at org.eclipse.osgi.internal.loader.sources.SingleSourcePackage.loadClass(SingleSourcePackage.java:39) ~[org.eclipse.osgi_3.13.300.v20190218-1622.jar:na]
	at org.eclipse.osgi.internal.loader.BundleLoader.findClassInternal(BundleLoader.java:469) ~[org.eclipse.osgi_3.13.300.v20190218-1622.jar:na]
	at org.eclipse.osgi.internal.loader.BundleLoader.findClass(BundleLoader.java:422) ~[org.eclipse.osgi_3.13.300.v20190218-1622.jar:na]
	at org.eclipse.osgi.internal.loader.BundleLoader.findClass(BundleLoader.java:414) ~[org.eclipse.osgi_3.13.300.v20190218-1622.jar:na]
	at org.eclipse.osgi.internal.loader.ModuleClassLoader.loadClass(ModuleClassLoader.java:153) ~[org.eclipse.osgi_3.13.300.v20190218-1622.jar:na]
	at java.base/java.lang.ClassLoader.loadClass(ClassLoader.java:522) ~[na:na]
	at java.base/java.lang.Class.getDeclaredConstructors0(Native Method) ~[na:na]
	at java.base/java.lang.Class.privateGetDeclaredConstructors(Class.java:3215) ~[na:na]
	at java.base/java.lang.Class.getConstructor0(Class.java:3420) ~[na:na]
	at java.base/java.lang.Class.getConstructor(Class.java:2165) ~[na:na]
	at org.eclipse.osgi.internal.framework.BundleContextImpl.loadBundleActivator(BundleContextImpl.java:799) ~[org.eclipse.osgi_3.13.300.v20190218-1622.jar:na]
	at org.eclipse.osgi.internal.framework.BundleContextImpl.start(BundleContextImpl.java:752) ~[org.eclipse.osgi_3.13.300.v20190218-1622.jar:na]
	at org.eclipse.osgi.internal.framework.EquinoxBundle.startWorker0(EquinoxBundle.java:1005) ~[org.eclipse.osgi_3.13.300.v20190218-1622.jar:na]
	at org.eclipse.osgi.internal.framework.EquinoxBundle$EquinoxModule.startWorker(EquinoxBundle.java:357) ~[org.eclipse.osgi_3.13.300.v20190218-1622.jar:na]
	at org.eclipse.osgi.container.Module.doStart(Module.java:589) ~[org.eclipse.osgi_3.13.300.v20190218-1622.jar:na]
	at org.eclipse.osgi.container.Module.start(Module.java:457) ~[org.eclipse.osgi_3.13.300.v20190218-1622.jar:na]
	at org.eclipse.osgi.framework.util.SecureAction.start(SecureAction.java:471) ~[org.eclipse.osgi_3.13.300.v20190218-1622.jar:na]
	at org.eclipse.osgi.internal.hooks.EclipseLazyStarter.postFindLocalClass(EclipseLazyStarter.java:117) ~[na:na]
	at org.eclipse.osgi.internal.loader.classpath.ClasspathManager.findLocalClass(ClasspathManager.java:570) ~[org.eclipse.osgi_3.13.300.v20190218-1622.jar:na]
	at org.eclipse.osgi.internal.loader.ModuleClassLoader.findLocalClass(ModuleClassLoader.java:331) ~[org.eclipse.osgi_3.13.300.v20190218-1622.jar:na]
	at org.eclipse.osgi.internal.loader.BundleLoader.findLocalClass(BundleLoader.java:395) ~[org.eclipse.osgi_3.13.300.v20190218-1622.jar:na]
	at org.eclipse.osgi.internal.loader.BundleLoader.findClassInternal(BundleLoader.java:473) ~[org.eclipse.osgi_3.13.300.v20190218-1622.jar:na]
	at org.eclipse.osgi.internal.loader.BundleLoader.findClass(BundleLoader.java:422) ~[org.eclipse.osgi_3.13.300.v20190218-1622.jar:na]
	at org.eclipse.osgi.internal.loader.BundleLoader.findClass(BundleLoader.java:414) ~[org.eclipse.osgi_3.13.300.v20190218-1622.jar:na]
	at org.eclipse.osgi.internal.loader.ModuleClassLoader.loadClass(ModuleClassLoader.java:153) ~[org.eclipse.osgi_3.13.300.v20190218-1622.jar:na]
	at java.base/java.lang.ClassLoader.loadClass(ClassLoader.java:522) ~[na:na]
	at org.eclipse.osgi.internal.framework.EquinoxBundle.loadClass(EquinoxBundle.java:612) ~[org.eclipse.osgi_3.13.300.v20190218-1622.jar:na]
	at org.eclipse.core.internal.registry.osgi.RegistryStrategyOSGI.createExecutableExtension(RegistryStrategyOSGI.java:196) ~[org.eclipse.equinox.registry_3.8.300.v20190218-2100.jar:na]
	at org.eclipse.core.internal.registry.ExtensionRegistry.createExecutableExtension(ExtensionRegistry.java:934) ~[org.eclipse.equinox.registry_3.8.300.v20190218-2100.jar:na]
	at org.eclipse.core.internal.registry.ConfigurationElement.createExecutableExtension(ConfigurationElement.java:246) ~[org.eclipse.equinox.registry_3.8.300.v20190218-2100.jar:na]
	at org.eclipse.core.internal.registry.ConfigurationElementHandle.createExecutableExtension(ConfigurationElementHandle.java:63) ~[org.eclipse.equinox.registry_3.8.300.v20190218-2100.jar:na]
	at org.eclipse.jdt.core.JavaCore.computeClasspathContainerInitializer(JavaCore.java:3707) ~[na:na]
	at org.eclipse.jdt.core.JavaCore.getClasspathContainerInitializer(JavaCore.java:3683) ~[na:na]
	at org.eclipse.jdt.internal.core.JavaModelManager.initializeContainer(JavaModelManager.java:3176) ~[na:na]
	at org.eclipse.jdt.internal.core.JavaModelManager.getClasspathContainer(JavaModelManager.java:2116) ~[na:na]
	at org.eclipse.jdt.core.JavaCore.getClasspathContainer(JavaCore.java:3660) ~[na:na]
	at org.eclipse.jdt.internal.core.JavaProject.resolveClasspath(JavaProject.java:3160) ~[na:na]
	at org.eclipse.jdt.internal.core.JavaProject.resolveClasspath(JavaProject.java:3324) ~[na:na]
	at org.eclipse.jdt.internal.core.JavaProject.getResolvedClasspath(JavaProject.java:2401) ~[na:na]
	at org.eclipse.jdt.internal.core.ExternalFoldersManager.refreshReferences(ExternalFoldersManager.java:493) ~[na:na]
	at org.eclipse.jdt.internal.core.DeltaProcessor.resourceChanged(DeltaProcessor.java:2074) ~[na:na]
	at org.eclipse.jdt.internal.core.DeltaProcessingState.resourceChanged(DeltaProcessingState.java:477) ~[na:na]
	at org.eclipse.core.internal.events.NotificationManager$1.run(NotificationManager.java:305) ~[na:na]
	at org.eclipse.core.runtime.SafeRunner.run(SafeRunner.java:45) ~[org.eclipse.equinox.common_3.10.300.v20190218-2100.jar:na]
	at org.eclipse.core.internal.events.NotificationManager.notify(NotificationManager.java:295) ~[na:na]
	at org.eclipse.core.internal.events.NotificationManager.handleEvent(NotificationManager.java:277) ~[na:na]
	at org.eclipse.core.internal.resources.Workspace.broadcastEvent(Workspace.java:374) ~[na:na]
	at org.eclipse.core.internal.resources.Resource.refreshLocal(Resource.java:1549) ~[na:na]
	at org.eclipse.core.internal.refresh.RefreshJob.runInWorkspace(RefreshJob.java:166) ~[na:na]
	at org.eclipse.core.internal.resources.InternalWorkspaceJob.run(InternalWorkspaceJob.java:42) ~[na:na]
	at org.eclipse.core.internal.jobs.Worker.run(Worker.java:63) ~[org.eclipse.core.jobs_3.10.300.v20190215-2048.jar:na]
2021-06-13 07:15:16,734 [Worker-7: Updating Maven Dependencies] INFO  o.e.m.c.i.l.LifecycleMappingFactory - Using org.eclipse.m2e.jdt.JarLifecycleMapping lifecycle mapping for MavenProject: 1:1:0.0.1-SNAPSHOT @ G:\VS programs\Java 2021\HibernateMavenProject\pom.xml.
